app/build/intermediates/manifest_merge_blame_file/debug/manifest-merger-blame-debug-report.txt
1<?xml version="1.0" encoding="utf-8"?>
2<manifest xmlns:android="http://schemas.android.com/apk/res/android"
3    package="com.myhexaville.androidwebrtc"
4    android:versionCode="1"
5    android:versionName="1.0" >
6
7    <uses-sdk
8        android:minSdkVersion="16"
8-->src/main/AndroidManifest.xml
9        android:targetSdkVersion="27" />
9-->src/main/AndroidManifest.xml
10
11    <uses-feature android:name="android.hardware.camera" />
11-->src/main/AndroidManifest.xml:5:5-60
11-->src/main/AndroidManifest.xml:5:19-57
12    <uses-feature android:name="android.hardware.camera.autofocus" />
12-->src/main/AndroidManifest.xml:6:5-70
12-->src/main/AndroidManifest.xml:6:19-67
13    <uses-feature
13-->src/main/AndroidManifest.xml:7:5-9:35
14        android:glEsVersion="0x00020000"
14-->src/main/AndroidManifest.xml:8:9-41
15        android:required="true" />
15-->src/main/AndroidManifest.xml:9:9-32
16
17    <uses-permission android:name="android.permission.CAMERA" />
17-->src/main/AndroidManifest.xml:11:5-65
17-->src/main/AndroidManifest.xml:11:22-62
18    <uses-permission android:name="android.permission.CHANGE_NETWORK_STATE" />
18-->src/main/AndroidManifest.xml:12:5-79
18-->src/main/AndroidManifest.xml:12:22-76
19    <uses-permission android:name="android.permission.MODIFY_AUDIO_SETTINGS" />
19-->src/main/AndroidManifest.xml:13:5-80
19-->src/main/AndroidManifest.xml:13:22-77
20    <uses-permission android:name="android.permission.RECORD_AUDIO" />
20-->src/main/AndroidManifest.xml:14:5-71
20-->src/main/AndroidManifest.xml:14:22-68
21    <uses-permission android:name="android.permission.INTERNET" />
21-->src/main/AndroidManifest.xml:15:5-67
21-->src/main/AndroidManifest.xml:15:22-64
22    <uses-permission android:name="android.permission.WRITE_EXTERNAL_STORAGE" />
22-->src/main/AndroidManifest.xml:16:5-81
22-->src/main/AndroidManifest.xml:16:22-78
23    <uses-permission android:name="android.permission.ACCESS_NETWORK_STATE" />
23-->src/main/AndroidManifest.xml:17:5-79
23-->src/main/AndroidManifest.xml:17:22-76
24    <uses-permission android:name="android.permission.BLUETOOTH" />
24-->src/main/AndroidManifest.xml:18:5-68
24-->src/main/AndroidManifest.xml:18:22-65
25    <uses-permission android:name="android.permission.READ_EXTERNAL_STORAGE" />
25-->[com.myhexaville:smart-image-picker:1.0.4] AndroidManifest.xml:12:5-80
25-->[com.myhexaville:smart-image-picker:1.0.4] AndroidManifest.xml:12:22-77
26
27    <application
27-->src/main/AndroidManifest.xml:20:5-50:19
28        android:name="androidx.multidex.MultiDexApplication"
29        android:allowBackup="true"
29-->src/main/AndroidManifest.xml:21:9-35
30        android:appComponentFactory="androidx.core.app.CoreComponentFactory"
30-->[androidx.core:core:1.0.0] AndroidManifest.xml:22:18-86
31        android:debuggable="true"
32        android:icon="@mipmap/ic_launcher"
32-->src/main/AndroidManifest.xml:22:9-43
33        android:label="@string/app_name"
33-->src/main/AndroidManifest.xml:23:9-41
34        android:supportsRtl="true"
34-->src/main/AndroidManifest.xml:24:9-35
35        android:theme="@style/AppTheme" >
35-->src/main/AndroidManifest.xml:25:9-40
36        <activity
36-->src/main/AndroidManifest.xml:26:9-29:55
37            android:name="com.shivam.androidwebrtc.app_rtc_sample.main.AppRTCMainActivity"
37-->src/main/AndroidManifest.xml:27:13-91
38            android:label="@string/app_name"
38-->src/main/AndroidManifest.xml:28:13-45
39            android:windowSoftInputMode="adjustPan" />
39-->src/main/AndroidManifest.xml:29:13-52
40        <activity
40-->src/main/AndroidManifest.xml:30:9-35:52
41            android:name="com.shivam.androidwebrtc.app_rtc_sample.call.CallActivity"
41-->src/main/AndroidManifest.xml:31:13-85
42            android:configChanges="orientation|screenSize"
42-->src/main/AndroidManifest.xml:32:13-59
43            android:label="@string/app_name"
43-->src/main/AndroidManifest.xml:33:13-45
44            android:screenOrientation="fullUser"
44-->src/main/AndroidManifest.xml:34:13-49
45            android:theme="@style/AppTheme.Call" />
45-->src/main/AndroidManifest.xml:35:13-49
46        <activity
46-->src/main/AndroidManifest.xml:36:9-45:20
47            android:name="com.shivam.androidwebrtc.LauncherActivity"
47-->src/main/AndroidManifest.xml:37:13-69
48            android:label="@string/title_activity_launch"
48-->src/main/AndroidManifest.xml:38:13-58
49            android:theme="@style/AppTheme.NoActionBar" >
49-->src/main/AndroidManifest.xml:39:13-56
50            <intent-filter>
50-->src/main/AndroidManifest.xml:40:13-44:29
51                <action android:name="android.intent.action.MAIN" />
51-->src/main/AndroidManifest.xml:41:17-69
51-->src/main/AndroidManifest.xml:41:25-66
52
53                <category android:name="android.intent.category.LAUNCHER" />
53-->src/main/AndroidManifest.xml:43:17-77
53-->src/main/AndroidManifest.xml:43:27-74
54            </intent-filter>
55        </activity>
56        <activity
56-->src/main/AndroidManifest.xml:46:9-49:68
57            android:name="com.shivam.androidwebrtc.tutorial.CompleteActivity"
57-->src/main/AndroidManifest.xml:47:13-78
58            android:label="@string/title_activity_complete"
58-->src/main/AndroidManifest.xml:48:13-60
59            android:theme="@style/AppTheme.NoActionBar" />
59-->src/main/AndroidManifest.xml:49:13-56
60        <activity
60-->[com.myhexaville:smart-image-picker:1.0.4] AndroidManifest.xml:18:9-21:47
61            android:name="com.theartofdev.edmodo.cropper.CropImageActivity"
61-->[com.myhexaville:smart-image-picker:1.0.4] AndroidManifest.xml:19:13-76
62            android:screenOrientation="portrait"
62-->[com.myhexaville:smart-image-picker:1.0.4] AndroidManifest.xml:20:13-49
63            android:theme="@style/AppTheme" />
63-->[com.myhexaville:smart-image-picker:1.0.4] AndroidManifest.xml:21:13-44
64
65        <provider
65-->[com.myhexaville:smart-image-picker:1.0.4] AndroidManifest.xml:23:9-31:20
66            android:name="com.myhexaville.smartimagepicker.CustomFileProvider"
66-->[com.myhexaville:smart-image-picker:1.0.4] AndroidManifest.xml:24:13-79
67            android:authorities="com.myhexaville.androidwebrtc.smart-image-picket-provider"
67-->[com.myhexaville:smart-image-picker:1.0.4] AndroidManifest.xml:25:13-79
68            android:exported="false"
68-->[com.myhexaville:smart-image-picker:1.0.4] AndroidManifest.xml:26:13-37
69            android:grantUriPermissions="true" >
69-->[com.myhexaville:smart-image-picker:1.0.4] AndroidManifest.xml:27:13-47
70            <meta-data
70-->[com.myhexaville:smart-image-picker:1.0.4] AndroidManifest.xml:28:13-30:54
71                android:name="android.support.FILE_PROVIDER_PATHS"
71-->[com.myhexaville:smart-image-picker:1.0.4] AndroidManifest.xml:29:17-67
72                android:resource="@xml/file_paths" />
72-->[com.myhexaville:smart-image-picker:1.0.4] AndroidManifest.xml:30:17-51
73        </provider>
74
75        <activity
75-->[pub.devrel:easypermissions:1.1.3] AndroidManifest.xml:12:9-16:66
76            android:name="pub.devrel.easypermissions.AppSettingsDialogHolderActivity"
76-->[pub.devrel:easypermissions:1.1.3] AndroidManifest.xml:13:13-86
77            android:exported="false"
77-->[pub.devrel:easypermissions:1.1.3] AndroidManifest.xml:14:13-37
78            android:label=""
78-->[pub.devrel:easypermissions:1.1.3] AndroidManifest.xml:15:13-29
79            android:theme="@style/EasyPermissions.Transparent" />
79-->[pub.devrel:easypermissions:1.1.3] AndroidManifest.xml:16:13-63
80
81        <service
81-->[com.google.firebase:firebase-firestore:21.4.3] AndroidManifest.xml:17:9-23:19
82            android:name="com.google.firebase.components.ComponentDiscoveryService"
82-->[com.google.firebase:firebase-firestore:21.4.3] AndroidManifest.xml:18:13-84
83            android:directBootAware="true"
83-->[com.google.firebase:firebase-common:19.3.0] AndroidManifest.xml:34:13-43
84            android:exported="false" >
84-->[com.google.firebase:firebase-firestore:21.4.3] AndroidManifest.xml:19:13-37
85            <meta-data
85-->[com.google.firebase:firebase-firestore:21.4.3] AndroidManifest.xml:20:13-22:85
86                android:name="com.google.firebase.components:com.google.firebase.firestore.FirestoreRegistrar"
86-->[com.google.firebase:firebase-firestore:21.4.3] AndroidManifest.xml:21:17-111
87                android:value="com.google.firebase.components.ComponentRegistrar" />
87-->[com.google.firebase:firebase-firestore:21.4.3] AndroidManifest.xml:22:17-82
88        </service>
89
90        <activity
90-->[com.google.android.gms:play-services-base:17.0.0] AndroidManifest.xml:23:9-26:75
91            android:name="com.google.android.gms.common.api.GoogleApiActivity"
91-->[com.google.android.gms:play-services-base:17.0.0] AndroidManifest.xml:24:13-79
92            android:exported="false"
92-->[com.google.android.gms:play-services-base:17.0.0] AndroidManifest.xml:25:13-37
93            android:theme="@android:style/Theme.Translucent.NoTitleBar" />
93-->[com.google.android.gms:play-services-base:17.0.0] AndroidManifest.xml:26:13-72
94
95        <provider
95-->[com.google.firebase:firebase-common:19.3.0] AndroidManifest.xml:26:9-30:39
96            android:name="com.google.firebase.provider.FirebaseInitProvider"
96-->[com.google.firebase:firebase-common:19.3.0] AndroidManifest.xml:27:13-77
97            android:authorities="com.myhexaville.androidwebrtc.firebaseinitprovider"
97-->[com.google.firebase:firebase-common:19.3.0] AndroidManifest.xml:28:13-72
98            android:exported="false"
98-->[com.google.firebase:firebase-common:19.3.0] AndroidManifest.xml:29:13-37
99            android:initOrder="100" />
99-->[com.google.firebase:firebase-common:19.3.0] AndroidManifest.xml:30:13-36
100
101        <meta-data
101-->[com.google.android.gms:play-services-basement:17.0.0] AndroidManifest.xml:23:9-25:69
102            android:name="com.google.android.gms.version"
102-->[com.google.android.gms:play-services-basement:17.0.0] AndroidManifest.xml:24:13-58
103            android:value="@integer/google_play_services_version" />
103-->[com.google.android.gms:play-services-basement:17.0.0] AndroidManifest.xml:25:13-66
104    </application>
105
106</manifest>